<?xml version="1.0" encoding="UTF-8"?>
<!-- Generated by org.testng.reporters.JUnitReportReporter -->
<testsuite hostname="DESKTOP-IGVL082" name="com.letzautomate.testcases.main" tests="2" failures="0" timestamp="21 Jul 2018 17:08:05 GMT" time="13.929" errors="0">
  <testcase name="runSuite" time="7.008" classname="com.letzautomate.testcases.main"/>
  <testcase name="runSuite" time="6.921" classname="com.letzautomate.testcases.main"/>
</testsuite> <!-- com.letzautomate.testcases.main -->
