<?xml version="1.0" encoding="UTF-8"?>
<!-- Generated by org.testng.reporters.JUnitReportReporter -->
<testsuite hostname="DESKTOP-IGVL082" name="com.letzautomate.testcases.main" tests="1" failures="0" timestamp="22 Jul 2018 06:33:26 GMT" time="7.630" errors="0">
  <testcase name="runSuite" time="7.630" classname="com.letzautomate.testcases.main"/>
</testsuite> <!-- com.letzautomate.testcases.main -->
