<?xml version="1.0" encoding="UTF-8"?>
<!-- Generated by org.testng.reporters.JUnitReportReporter -->
<testsuite hostname="DESKTOP-IGVL082" name="com.letzautomate.testcases.main" tests="3" failures="0" timestamp="21 Jul 2018 14:08:16 GMT" time="17.233" errors="0">
  <testcase name="runSuite" time="5.008" classname="com.letzautomate.testcases.main"/>
  <testcase name="runSuite" time="5.173" classname="com.letzautomate.testcases.main"/>
  <testcase name="runSuite" time="7.052" classname="com.letzautomate.testcases.main"/>
</testsuite> <!-- com.letzautomate.testcases.main -->
