<?xml version="1.0" encoding="UTF-8"?>
<!-- Generated by org.testng.reporters.JUnitReportReporter -->
<testsuite hostname="DESKTOP-IGVL082" name="com.letzautomate.datasourcesutilities.ExcelUtilities" tests="1" failures="0" timestamp="21 Jul 2018 15:50:34 GMT" time="0.313" errors="0">
  <testcase name="test" time="0.313" classname="com.letzautomate.datasourcesutilities.ExcelUtilities"/>
</testsuite> <!-- com.letzautomate.datasourcesutilities.ExcelUtilities -->
